[    0.000000] Linuxvesion 4.15.0--gneric (buildd@lcy01-ad64-01) gc version7.3.0 (Ubuntu 7.3.0-16ubuntu3)) #54-Ubuntu SMP Mon May 6 18:46:08 UTC 2019 (Ubuntu 4.15.0-50.54-generic 4.15.18)
[    0.000000] Command line: BOOT_IMAGE=/boot/vmlinuz-4.15.0-50-generic root=LABEL=cloudimg-rootfs ro console=tty1 console=ttyS0
[    0.000000] KERNEL supported cpus:
[    0.000000]   Intel GenuineIntel
[    0.000000]   AMD AuthenticAMD
[    0.000000]   Centaur CentaurHauls
[    0.000000] x86/fpu: Supporting XSAVE feature 0x001: 'x87 floating point registers'
[    0.000000] x86/fpu: Supporting XSAVE feature 0x002: 'SSE registers'
[    0.000000] x86/fpu: Supporting XSAVE feature 0x004: 'AVX registers'
[    0.000000] x86/fpu: xstate_offset[2]:  576, xstate_sizes[2]:  256
[    0.000000] x86/fpu: Enabled xstate features 0x7, context sizeis 832 bytes, using 'standard' format
[   0.000000] e820: BIOS-provided physical RAM map:
[    0.000000] BIOS-e20 [mem x00000000000000-0x000000009fff] usale
[    0.000000] BIOS-e820: [mem 0x000000000009fc00-0x000000000009ffff] reserved
[    0.000000] BIOS-e820: [mem 0x00000000000f0000-0x00000000000fffff] reserved
[    0.000000] BIOS-e820: [mem 0x0000000000100000-0x000000003ffeffff] usable
[    0.000000] BIOS-e820: [mem 0x000000003fff0000-0x000000003fffffff] ACPI data
[    0.00000] IOS-e820: [mem 0x00000000fec00000-0x0000000ec0fff] reseed
[    00000] BIOS-e820: [mem 0x00000000fee00000-0x00000000fee00fff] reserved
[    0.000000] BIOS-e820: [mem 0x00000000fffc0000-0x0000000ffffffff] reserved
[    0.000000] NX (Execute Disable) protection: active
[    0.000000] SMBIOS 2.5 present.
[    0.000000] DMI: innotek GmbH VirtualBox/VirtualBox, BIOS VirtualBox 12/01/2006
[    0.000000] Hypervisor detected: KVM
[    0.000000] e820: last_pfn = 0x3fff0 max_arch_pfn = 0x400000000
[    0.000000] MTRR: Disabled
[    0.000000] x86/PAT: MTRRs disabled, skipping PAT initialization too.
[    0.000000] CPU MTRRs all blank - virtualized system.
[    0.000000] x86/PAT: Configuration [0-7]: WB  WT  UC- UC  WB  WT  UC- UC  
[    0.000000] found SMP MP-table at [mem 0x0009fff0-0x0009ffff] mapped at [        (ptrval)]
[    0.000000] Scanning 1 areas for low memory corruption
[    0.000000] RAMDISK: [mem 0x359c7000-0x36cdafff]
[    0.000000] ACPI: Early table checksum verification disabled
[    0.000000] ACPI: RSDP 0x00000000000E0000 000024 (v02 VBOX  )
[    0.000000] ACPI: XSDT 0x000000003FFF0030 00003C (v01 VBOX   VBOXXSDT 00000001 ASL  00000061)
[    0.000000] ACPI: FACP 0x000000003FFF00F0 0000F4 (v04 VBOX   VBOXFACP 000001AS  00000061)
[  0000000] ACPI: DSDT 0x000000003FFF0470 0021FF (v02 VBOX   VBOXBIOS 00000002 INTL 20100528)
[    0.000000] ACPI: FACS 0x000000003FFF0200 000040
[    0.000000] ACPI: FACS 0x000000003FFF0200 000040
[    0.000000] ACPI: APIC 0x000000003FFF0240 00005C (v02 VBOX   VBOXAPIC 00000001 ASL  00000061)
[    0.000000] ACPI: SSDT 0x000000003FFF02A0 0001CC (v01 VBOX   VBOXCPUT 00000002 INTL 20100528)
[    0.000000] No NUMA configuration found
[    0.000000] Faking a node at [me0x0000000000000-0x000000003ffeffff]
[    0.000000] NODE_DATA(0) allocated [mem 0x3ffc5000-0x3ffeffff]
[    0.000000] kvm-clock: cpu 0, msr 0:3ff44001, primary cpu clock
[    0.000000] kvm-clock: Using msrs 4b564d01 and 4b564d00
[    0.000000] kvm-clock: using sched offset of 4272974238 cycles
[    0.000000] clocksource: kvm-clock: mask: 0xffffffffffffffff maxcycles: 0x1cd42e4dffb, max_idle_ns: 881590591483 ns
[    0.000000] Zone ranges:
[    0.000000]   DMA      [mem 0x00000000001000x00000000fffff]
   0.000000]   DMA32    [mem 0x0000000001000000-0x000000003ffeffff]
   0000000  Nomal   empty
[  0.00000]  evice emty
[    0.000000] Movable zone start for each node
[    0.000000] Early memory node ranges
[    0.000000]   node   0: [mem 000000000001000-x000000000eff]
[    0.000000]   node   0: [mem 0x0000000000100000-0x000000003ffeffff]
[    0.000000] Reserved but unavailable: 114 pages
[    0.000000] Initmem setup node 0 [mem 0x0000000000001000-0x000000003ffeffff]
[    0.000000] ACPI: PM-Timer I Por: x4008
[    0.000000] IOAPIC[0]: apic_id 2, version 32, address 0xfec00000, GSI 0-23
[    0.000000] API: NTSR_OVR (bus 0 bus_irq 0 gobbal_irq 2 fldfl)
   0000000] ACPI: INT_SRC_OVR (bus 0 bus_irq 9 global_irq 9 low lel)
[    0.000000] Using ACPI (MADT) for SMP configuration information
[    0.000000] smpboot: Allowing 2 CPUs, 0 hotplug CPUs
[    0.000000] PM: Registered nosave memory: [mem 0x00000000-0x00000fff]
[    0.000000] PM: Registered nosave memory: [mem 0x0009f000-0x0009ffff]
[    0.000000] PM: Registered nosave memory: [mem 0x000a0000-0x000effff]
[    0.000000] PM: Registered nosave memory: [mem 0x000f0000-0x000fffff]
[    0.000000] e820: [mem 0x40000000-0xfebfffff] available for PCI dvices
[    0.000000] Booting paravirtualized kernel n KV
[   0.00000]clcksoource: refin-jiffies: mask: 0xfffffffaxcycles: 0xffffffff, max_idle_ns: 7645519600211568 ns
[    0.000000] random: get_random_bytes called from start_kernel+0x99/0x4fd with crng_init=0
[    0.000000] setup_percpu: NR_CPUS:8192 nr_cpumask_bits:2 nr_cpu_ids:2 nr_node_ids:1
[    0.000000] percpu: Embedded 46 pages/cpu @        (ptrval) s151552 r8192 d28672 u1048576
[    0.000000] PV qspinlock hash table entries: 256 (order: 0, 4096 bytes)
[    0.000000] Built 1 zonelists, mobility grouping on.  Total pages: 257913
[    0.000000] Policy zone: DMA32
[    0.000000] Kernel command line: BOOT_IMAGE=/boot/vmlinuz-4.15.0-50-generic root=LABEL=cloudimg-rootfs ro console=tty1 console=ttyS0
[    0.000000] Memory: 983040K/1048120K available (12300K kernel code, 2474K rwdata, 4276K rodata, 2412K init, 2416K bss, 65080K reserved, 0K cma-reserved)
[    0.000000] SLUB: HWalign=64, Order=0-3, MinObjects=0, CPUs=2, Nodes=1
[    0.000000] Kernel/User page table iolation: enabled
[   000000 frace: llcaing 39233 entries in 154 pags
[    0.004000] ierarchical RCU implementation.
[    0.004000] 	RCU restricting CPUs from NR_CPUS=8192 to nr_cpu_ids=2.
[    0.400] 	Tasks RCU enabled.
[    00040] CU: Adjusting geometry for rcu_fanout_leaf=16, nr_cpu_ids=2
[    0.004000] NR_IRQS: 524544, nr_irqs: 440, preallocated irqs: 16
[    0.004000] Console: colour VGA+ 80x25
[    0.004000] console [tty1] enabled
[    0.004000] console [ttyS0] enabled
[    0.004000] ACPI: Core revision 270831
[    0.004000] ACPI: 2 ACPI AML tables successfully acquired and loaded
[    0.004000] APIC: Switch to symmetric I/O mode setup
[     0.004000] x2apic enabled
[    0.004010] Switched APIC routing to physical x2apic.
[    0.008744] ..TIMER: vector=0x30 apic1=0 pin1=2 apic2=-1 pin2=-1
[    0.012004] tsc: Detected 1608.000 MHz processor
[    0.013497] Calibrating delay loop (skipped) preset value.. 3216.00 BogoMIPS (lpj=6432000)
[    0.016007] pid_max: default: 32768 minimum: 301
[    0.020051] Security Framework initialized
[    0.021629] Yama: becoming mindful.
[    0.024073] AppArmor: AppArmor initialized
[    0.028091] Dentry cache hash table entries: 131072 (order: 8, 1048576 bytes)
[    0.032119] Inode-cache hash table entries: 65536 (order: 7, 524288 bytes)
[    0.036203] Mount-cache hash table entries: 2048 (order: 2, 16384 bytes)
[    0.040009] Mountpoint-cache hash table entries: 2048 (order: 2, 16384 bytes)
[    0.044597] mce: CPU supports 0 MCE banks
[    0.048020] Last level iTLB entries: 4KB 64, 2MB 8, 4MB 8
[    0.052003] Last level dTLB entries: 4KB 64, 2MB 0, 4MB 0, 1GB 4
[    0.056004] Spectre V2 : Mitigation: Full generic retpoline
[    0.060002] Spectre V2 : Spectre v2 / SpectreRSB mitigation: Filling RSB on context switch
[    0.064004] Speculative Store Bypass: Vulnerable
[    0.066127] MDS: Vulnerable: Clear CPU buffers attempted, no microcode
[    0.068173] Freeing SMP alternatives memory: 36K
[    0.076000] smpboot: CPU0: Intel(R) Core(TM) i5-8210Y CPU @ 1.60GHz (family: 0x6, model: 0x8e, stepping: 0x9)
[    0.076095] Performance Events: unsupported p6 CPU model 142 no PMU driver, software events only.
[    0.080067] Hierarchical SRCU implementation.
[    0.081797] NMI watchdog: Perf event create on CPU 0 failed with -2
[    0.084008] NMI watchdog: Perf NMI watchdog permanently disabled
[    0.088047] smp: Bringing up secondary CPUs ...
[    0.089408] x86: Booting SMP configuration:
[    0.090563] .... node  #0, CPUs:      #1
[    0.004000] kvm-clock: cpu 1, msr 0:3ff44041, secondary cpu clock
[    0.004000] mce: CPU supports 0 MCE banks
[    0.096018] smp: Brought up 1 node, 2 CPUs
[    0.100005] smpboot: Max logical packages: 1
[    0.104003] smpboot: Total of 2 processors activated (6432.00 BogoMIPS)
[    0.105873] devtmpfs: initialized
[    0.108051] x86/mm: Memory block size: 128MB
[    0.112153] evm: security.selinux
[    0.116005] evm: security.SMACK64
[    0.120003] evm: security.SMACK64EXEC
[    0.124003] evm: security.SMACK64TRANSMUTE
[    0.128002] evm: security.SMACK64MMAP
[    0.132002] evm: security.apparmor
[    0.132949] evm: security.ima
[    0.136003] evm: security.capability
[    0.140121] clocksource: jiffies: mask: 0xffffffff max_cycles: 0xffffffff, max_idle_ns: 7645041785100000 ns
[    0.144024] futex hash table entries: 512 (order: 3, 32768 bytes)
[    0.148095] pinctrl core: initialized pinctrl subsystem
[    0.152132] RTC time:  8:00:07, date: 07/05/19
[    0.156331] NET: Registered protocol family 16
[    0.160088] audit: initializing netlink subsys (disabled)
[    0.161864] audit: type=2000 audit(1562313608.976:1): state=initialized audit_enabled=0 res=1
[    0.200008] cpuidle: using governor ladder
[    0.201155] cpuidle: using governor menu
[    0.204052] ACPI: bus type PCI registered
[    0.208004] acpiphp: ACPI Hot Plug PCI Controller Driver version: 0.5
[    0.210153] PCI: Using configuration type 1 for base access
[    0.212831] HugeTLB registered 2.00 MiB page size, pre-allocated 0 pages
[    0.220121] ACPI: Added _OSI(Module Device)
[    0.224007] ACPI: Added _OSI(Processor Device)
[    0.228013] ACPI: Added _OSI(3.0 _SCP Extensions)
[    0.229528] ACPI: Added _OSI(Processor Aggregator Device)
[    0.232004] ACPI: Added _OSI(Linux-Dell-Video)
[    0.233446] ACPI: Added _OSI(Linux-Lenovo-NV-HDMI-Audio)
[    0.236004] ACPI: Added _OSI(Linux-HPI-Hybrid-Graphics)
[    0.238124] ACPI: Executed 1 blocks of module-level executable AML code
[    0.246597] ACPI: Interpreter enabled
[    0.248016] ACPI: (supports S0 S5)
[    0.249159] ACPI: Using IOAPIC for interrupt routing
[    0.252280] PCI: Using host bridge windows from ACPI; if necessary, use "pci=nocrs" and report a bug
[    0.256246] ACPI: Enabled 2 GPEs in block 00 to 07
[    0.268612] ACPI: PCI Root Bridge [PCI0] (domain 0000 [bus 00-ff])
[    0.272008] acpi PNP0A03:00: _OSC: OS supports [ASPM ClockPM Segments MSI]
[    0.276029] acpi PNP0A03:00: _OSC: not requesting OS control; OS requires [ExtendedConfig ASPM ClockPM MSI]
[    0.280012] acpi PNP0A03:00: fail to add MMCONFIG information, can't access extended PCI configuration space under this bridge.
[    0.284460] PCI host bridge to bus 0000:00
[    0.285593] pci_bus 0000:00: root bus resource [io  0x0000-0x0cf7 window]
[    0.288004] pci_bus 0000:00: root bus resource [io  0x0d00-0xffff window]
[    0.289951] pci_bus 0000:00: root bus resource [mem 0x000a0000-0x000bffff window]
[    0.292004] pci_bus 0000:00: root bus resource [mem 0x40000000-0xfdffffff window]
[    0.296005] pci_bus 0000:00: root bus resource [bus 00-ff]
[    0.308167] pci 0000:00:01.1: legacy IDE quirk: reg 0x10: [io  0x01f0-0x01f7]
[    0.310195] pci 0000:00:01.1: legacy IDE quirk: reg 0x14: [io  0x03f6]
[    0.312007] pci 0000:00:01.1: legacy IDE quirk: reg 0x18: [io  0x0170-0x0177]
[    0.314909] pci 0000:00:01.1: legacy IDE quirk: reg 0x1c: [io  0x0376]
[    0.345234] pci 0000:00:07.0: quirk: [io  0x4000-0x403f] claimed by PIIX4 ACPI
[    0.348033] pci 0000:00:07.0: quirk: [io  0x4100-0x410f] claimed by PIIX4 SMB
[    0.374242] ACPI: PCI Interrupt Link [LNKA] (IRQs 5 9 10 *11)
[    0.376753] ACPI: PCI Interrupt Link [LNKB] (IRQs 5 9 *10 11)
[    0.380326] ACPI: PCI Interrupt Link [LNKC] (IRQs 5 *9 10 11)
[    0.384369] ACPI: PCI Interrupt Link [LNKD] (IRQs 5 9 10 *11)
[    0.388707] SCSI subsystem initialized
[    0.392084] pci 0000:00:02.0: vgaarb: setting as boot VGA device
[    0.396000] pci 0000:00:02.0: vgaarb: VGA device added: decodes=io+mem,owns=io+mem,locks=none
[    0.396007] pci 0000:00:02.0: vgaarb: bridge control possible
[    0.400003] vgaarb: loaded
[    0.400972] ACPI: bus type USB registered
[    0.404028] usbcore: registered new interface driver usbfs
[    0.405812] usbcore: registered new interface driver hub
[    0.408052] usbcore: registered new device driver usb
[    0.412112] EDAC MC: Ver: 3.0.0
[    0.416376] PCI: Using ACPI for IRQ routing
[    0.424102] NetLabel: Initializing
[    0.428003] NetLabel:  domain hash size = 128
[    0.429432] NetLabel:  protocols = UNLABELED CIPSOv4 CALIPSO
[    0.432027] NetLabel:  unlabeled traffic allowed by default
[    0.436096] clocksource: Switched to clocksource kvm-clock
[    0.457112] VFS: Disk quotas dquot_6.6.0
[    0.464043] VFS: Dquot-cache hash table entries: 512 (order 0, 4096 bytes)
[  04634] pprmr: AppArmor Filesystem Enabled
[    0.641792] pnp: PnP ACPI init
[   .6429]pn: nPCP: oud  dvies

[   .0012] clocksource: ac_p: as: xfffff max_cycles: 0xffffff, max_idle_ns: 2085701024 s
[    1.275448] NET: Registered protocol family 2

[    1.279952] TCP estabshd ashab etres 892(ode: 4, 65536 bytes)
[    1.645613] TCP bind hash table entries: 8192 (order: 5, 131072 bytes)
[    1.65021 TP:Hah ables configured (established 8192 bind 8192)
[    1.784272] UDP hash table entries: 512 (order: 2, 16384 bytes)
[    1.785857] UDP-Lite hash table entries: 512 (order: 2, 16384 bytes)
[    1.787631] NET: Registered protocol family 1
[    1.788873] pci 0000:00:00.0: Limiting direct PCI/PCI transfers
[    1.790475] pci 0000:00:01.0: Activating ISA DMA ngwokaouds
[    1.943336] pci 0000:00:02.0: Video device with shadowed ROM at [mem 0x000c0000-0x000dffff]

[    1.945857] Unpckinintrmf...
[    2.383879] Freeing initrd memory: 19536K
[    2.385365] clocksource: tsc: mask: 0xffffffffffffffff max_cycles: 0x172daa3a18b, max_idle_ns: 440795212390 ns
[    2.388003] platform rtc_cmos: registered platform RTC device (no PNP device found)
[    2.389992] Scanning for low memory corruption every 60 seconds
[    2.392293] Initialise system trusted keyrings
[    2.394070] Key type blacklist registered
[    2.402590] workingset: timestamp_bits=36 max_order=18 bucket_order=0
[    2.407747] zbud: loaded
[    2.410611] squashfs: version 4.0 (2009/01/31) Phillip Lougher
[    2.419342] fuse init (API version 7.26)
[    2.435689] Key type asymmetric registered
[    2.438291] Asymmetric key parser 'x509' registered
[    2.442944] Block layer SCSI generic (bsg) driver version 0.4 loaded (major 246)
[    2.447040] io scheduler noop registered
[    2.449289] io scheduler deadline registered
[    2.451450] io scheduler cfq registered (default)
[    2.454755] ACPI: AC Adapter [AC] (on-line)
[    2.459230] input: Power Button as /devices/LNXSYSTM:00/LNXPWRBN:00/input/input0
[    2.465321] ACPI: Power Button [PWRF]
[    2.473437] input: Sleep Button as /devices/LNXSYSTM:00/LNXSLPBN:00/input/input1
[    2.547899] ACPI: Sleep Button [SLPF]
[    2.585336] Serial: 8250/16550 driver, 32 ports, IRQ sharing enabled
[    2.587008] ACPI: Battery Slot [BAT0] (battery present)
[    2.657081] 00:02: ttyS0 at I/O 0x3f8 (irq = 4, base_baud = 115200) is a 16550A
[    2.787846] Linux agpgart interface v0.103
[    2.889330] loop: module loaded
[    2.913490] scsi host0: ata_piix
[    2.960229] scsi host1: ata_piix
[    2.965666] ata1: PATA max UDMA/33 cmd 0x1f0 ctl 0x3f6 bmdma 0xd000 irq 14
[    3.033129] ata2: PATA max UDMA/33 cmd 0x170 ctl 0x376 bmdma 0xd008 irq 15
[    3.035116] libphy: Fixed MDIO Bus: probed
[    3.042357] tun: Universal TUN/TAP device driver, 1.6
[    3.093797] PPP generic driver version 2.4.2
[    3.176732] ehci_hcd: USB 2.0 'Enhanced' Host Controller (EHCI) Driver
[    3.257811] ehci-pci: EHCI PCI platform driver
[    3.327627] ehci-platform: EHCI generic platform driver
[    3.337541] ohci_hcd: USB 1.1 'Open' Host Controller (OHCI) Driver
[    3.393148] ohci-pci: OHCI PCI platform driver
[    3.460917] ohci-platform: OHCI generic platform driver
[    3.504176] uhci_hcd: USB Universal Host Controller Interface driver
[    3.505830] i8042: PNP: PS/2 Controller [PNP0303:PS2K,PNP0f03:PS2M] at 0x60,0x64 irq 1,12
[    3.508438] serio: i8042 KBD port at 0x60,0x64 irq 1
[    3.509716] serio: i8042 AUX port at 0x60,0x64 irq 12
[    3.511055] mousedev: PS/2 mouse device common for all mice
[    3.512774] input: AT Translated Set 2 keyboard as /devices/platform/i8042/serio0/input/input2
[    3.516914] rtc_cmos rtc_cmos: rtc core: registered rtc_cmos as rtc0
[    3.519169] rtc_cmos rtc_cmos: alarms up to one day, 114 bytes nvram
[    3.523430] i2c /dev entries driver
[    3.525868] pcie_mp2_amd: AMD(R) PCI-E MP2 Communication Driver Version: 1.0
[    3.531826] device-mapper: uevent: version 1.0.3
[    3.534561] device-mapper: ioctl: 4.37.0-ioctl (2017-09-20) initialised: dm-devel@redhat.com
[    3.539106] ledtrig-cpu: registered to indicate activity on CPUs
[    3.543014] NET: Registered protocol family 10
[    3.554334] Segment Routing with IPv6
[    3.556692] NET: Registered protocol family 17
[    3.558873] Key type dns_resolver registered
[    3.561570] RAS: Correctable Errors collector initialized.
[    3.564179] sched_clock: Marking stable (3564102059, 0)->(8186790392, -4622688333)
[    3.570055] registered taskstats version 1
[    3.573758] Loading compiled-in X.509 certificates
[    3.581199] Loaded X.509 cert 'Build time autogenerated kernel key: 0d5cb4b7de8533fd8e7240d711ae9d354ea3dca1'
[    3.593574] zswap: loaded using pool lzo/zbud
[    3.600495] Key type big_key registered
[    3.619372] Key type trusted registered
[    3.623761] Key type encrypted registered
[    3.634927] AppArmor: AppArmor sha1 policy hashing enabled
[    3.642400] ima: No TPM chip found, activating TPM-bypass! (rc=-19)
[    3.644601] ima: Allocated hash algorithm: sha1
[    3.645766] evm: HMAC attrs: 0x1
[    3.647241]   Magic number: 11:189:17
[    3.685375] rtc_cmos rtc_cmos: setting system clock to 2019-07-05 08:00:11 UTC (1562313611)
[    3.700658] BIOS EDD facility v0.16 2004-Jun-25, 0 devices found
[    3.708454] EDD information not available.
[    3.713224] Freeing unused kernel image memory: 2412K
[    3.732463] Write protecting the kernel read-only data: 20480k
[    3.755695] Freeing unused kernel image memory: 2008K
[    3.769020] Freeing unused kernel image memory: 1868K
[    3.776166] x86/mm: Checked W+X mappings: passed, no W+X pages found.
[    4.679687] x86/mm: Checking user space page tables
[    4.693937] x86/mm: Checked W+X mappings: passed, no W+X pages found.
Loading, please wait...
starting version 237
[    4.785379] Fusion MPT base driver 3.04.20
[    4.786838] Copyright (c) 1999-2008 LSI Corporation
[    4.789796] e1000: Intel(R) PRO/1000 Network Driver - version 7.3.21-k8-NAPI
[    4.792092] e1000: Copyright (c) 1999-2006 Intel Corporation.
[    4.809081] AVX2 version of gcm_enc/dec engaged.
[    4.810376] AES CTR mode by8 optimization enabled
[    4.812101] Fusion MPT SPI Host driver 3.04.20
[    4.822476] vboxvideo: loading out-of-tree module taints kernel.
[    4.824697] vboxvideo: module verification failed: signature and/or required key missing - tainting kernel
[    5.025803] input: ImExPS/2 Generic Explorer Mouse as /devices/platform/i8042/serio1/input/input4
[    5.210060] e1000 0000:00:03.0 eth0: (PCI:33MHz:32-bit) 02:89:59:7e:34:d3
[    5.787908] e1000 0000:00:03.0 eth0: Intel(R) PRO/1000 Network Connection
[    6.430201] e1000 0000:00:08.0 eth1: (PCI:33MHz:32-bit) 08:00:27:6f:d6:06
[    6.774101] e1000 0000:00:08.0 eth1: Intel(R) PRO/1000 Network Connection
[    6.777524] mptbase: ioc0: Initiating bringup
[    6.778312] e1000 0000:00:08.0 enp0s8: renamed from eth1
[    6.799535] e1000 0000:00:03.0 enp0s3: renamed from eth0
[    6.896864] ioc0: LSI53C1030 A0: Capabilities={Initiator}
[    7.149159] scsi host2: ioc0: LSI53C1030 A0, FwRev=00000000h, Ports=1, MaxQ=256, IRQ=20
[    7.316903] scsi 2:0:0:0: Direct-Access     VBOX     HARDDISK         1.0  PQ: 0 ANSI: 5
[    7.324284] [drm] VRAM 01000000
[    7.326488] [TTM] Zone  kernel: Available graphics memory: 504450 kiB
[    7.426945] [TTM] Initializing pool allocator
[    7.484335] [TTM] Initializing DMA pool allocator
[    7.539267] fbcon: vboxdrmfb (fb0) is primary device
[    7.540873] Console: switching to colour frame buffer device 100x37
[    7.641409] vboxvideo 0000:00:02.0: fb0: vboxdrmfb frame buffer device
[    7.664769] [drm] Initialized vboxvideo 1.0.0 20130823 for 0000:00:02.0 on minor 0
[    7.676087] scsi target2:0:0: Beginning Domain Validation
[    7.746802] scsi target2:0:0: Domain Validation skipping write tests
[    7.748184] scsi target2:0:0: Ending Domain Validation
[    7.749332] scsi target2:0:0: asynchronous
[    7.750897] scsi 2:0:1:0: Direct-Access     VBOX     HARDDISK         1.0  PQ: 0 ANSI: 5
[    7.876195] scsi target2:0:1: Beginning Domain Validation
[    7.910459] random: fast init done
[    8.099194] scsi target2:0:1: Domain Validation skipping write tests
[    8.148419] scsi target2:0:1: Ending Domain Validation
[    8.150188] scsi target2:0:1: asynchronous
[    8.173247] random: systemd-udevd: uninitialized urandom read (16 bytes read)
[    8.173330] sd 2:0:0:0: Attached scsi generic sg0 type 0
[    8.173447] sd 2:0:1:0: Attached scsi generic sg1 type 0
[    8.177781] random: systemd-udevd: uninitialized urandom read (16 bytes read)
[    8.178035] sd 2:0:1:0: [sdb] 20480 512-byte logical blocks: (10.5 MB/10.0 MiB)
[    8.178168] sd 2:0:1:0: [sdb] Write Protect is off
[    8.178379] sd 2:0:1:0: [sdb] Incomplete mode parameter data
[    8.178380] sd 2:0:1:0: [sdb] Assuming drive cache: write through
[    8.180484] sd 2:0:1:0: [sdb] Attached SCSI disk
[    8.308433] sd 2:0:0:0: [sda] 20971520 512-byte logical blocks: (10.7 GB/10.0 GiB)
[    8.308720] sd 2:0:0:0: [sda] Write Protect is off
[    8.308941] sd 2:0:0:0: [sda] Incomplete mode parameter data
[    8.308942] sd 2:0:0:0: [sda] Assuming drive cache: write through
[    8.311097]  sda: sda1
[    8.311865] sd 2:0:0:0: [sda] Attached SCSI disk
[    8.657525] random: systemd-udevd: uninitialized urandom read (16 bytes read)
Begin: Loading essential drivers ... [    8.868254] raid6: sse2x1   gen()  9979 MB/s
[    8.920477] raid6: sse2x1   xor()  7306 MB/s
[    8.969607] raid6: sse2x2   gen() 13355 MB/s
[    9.032560] raid6: sse2x2   xor() 10120 MB/s
[    9.080031] raid6: sse2x4   gen() 14540 MB/s
[    9.128248] raid6: sse2x4   xor()  5022 MB/s
[    9.176544] raid6: avx2x1   gen() 11999 MB/s
[    9.228263] raid6: avx2x1   xor() 14468 MB/s
[    9.280259] raid6: avx2x2   gen() 23479 MB/s
[    9.332237] raid6: avx2x2   xor() 18469 MB/s
[    9.384344] raid6: avx2x4   gen() 31870 MB/s
[    9.436275] raid6: avx2x4   xor() 20665 MB/s
[    9.483493] raid6: using algorithm avx2x4 gen() 31870 MB/s
[    9.486410] raid6: .... xor() 20665 MB/s, rmw enabled
[    9.518425] raid6: using avx2x2 recovery algorithm
[    9.527269] xor: automatically using best checksumming function   avx       
[    9.547997] async_tx: api initialized (async)
done.
Begin: Running /scripts/init-premount ... done.
Begin: Mounting root file system ... Begin: Running /scripts/local-top ... done.
Begin: Running /scripts/local-premount ... [    9.592686] Btrfs loaded, crc32c=crc32c-intel
Scanning for Btrfs filesystems
done.
Warning: fsck not present, so sk[    9.690815] EXT4-fs (sda1): mounted filesystem with ordered data mode. Opts: (null)
ipping root file system
done.
Begin: Running /scripts/local-bottom ... done.
Begin: Running /scripts/init-bottom ... done.
[    9.950984] ip_tables: (C) 2000-2006 Netfilter Core Team
[   10.074417] systemd[1]: systemd 237 running in system mode. (+PAM +AUDIT +SELINUX +IMA +APPARMOR +SMACK +SYSVINIT +UTMP +LIBCRYPTSETUP +GCRYPT +GNUTLS +ACL +XZ +LZ4 +SECCOMP +BLKID +ELFUTILS +KMOD -IDN2 +IDN -PCRE2 default-hierarchy=hybrid)
[   10.123683] systemd[1]: Detected virtualization oracle.
[   10.138718] systemd[1]: Detected architecture x86-64.

Welcome to [1mUbuntu 18.04.2 LTS[0m!

[   10.178114] systemd[1]: Set hostname to <ubuntu-bionic>.
[   10.495714] systemd[1]: Reached target User and Group Name Lookups.
[[0;32m  OK  [0m] Reached target User and Group Name Lookups.
[   10.501976] systemd[1]: Created slice System Slice.
[[0;32m  OK  [0m] Created slice System Slice.
[   10.527292] systemd[1]: Listening on udev Control Socket.
[[0;32m  OK  [0m] Listening on udev Control Socket.
[   10.573689] systemd[1]: Listening on LVM2 poll daemon socket.
[[0;32m  OK  [0m] Listening on LVM2 poll daemon socket.
[   10.925772] systemd[1]: Listening on Journal Socket.
[[0;32m  OK  [0m] Listening on Journal Socket.
[   11.270385] systemd[1]: Starting Remount Root and Kernel File Systems...
         Starting Remount Root and Kernel File Systems...
[[0;32m  OK  [0m] Listening on Syslog Socket.
[[0;32m  OK  [0m] Listening on Journal Audit Socket.
[[0;32m  OK  [0[   11.330023] EXT4-fs (sda1): re-mounted. Opts: (null)
m] Listening on Device-mapper event daemon FIFOs.
[[0;32m  OK  [0m] Reached target Swap.
[[0;32m  OK  [0m] Listening on Journal Socket (/dev/log).
         Starting Journal Service...
[[0;32m  OK  [0m] Listening on Network Service Netlink Socket.
         Starting Set the console keyboard layout...
         Starting Create list of required st…ce nodes for the current kernel...
[[0;32m  OK  [0m] Started Forward Password Requests to Wall Directory Watch.
[[0;32m  OK  [0m] Listening on udev Kernel Socket.
         Starting udev Coldplug all Devices...
[[0;32m  OK  [0m] Listening on LVM2 metadata daemon socket.
         Starting Monitoring of LVM2 mirrors…ng dmeventd or progress polling...
[[0;32m  OK  [0m] Set up automount Arbitrary Executab…rmats File System Automount Point.
         Mounting Huge Pages File System...
         Mounting POSIX Message Queue File System...
[[0;32m  OK  [0m] Created slice system-serial\x2dgetty.slice.
         Starting Uncomplicated firewall...
         Starting Load Kernel Modules...
[[0;32m  OK  [0m] Reached target System Time Synchronized.
         Mounting Kernel Debug File System...
[[0;32m  OK  [0m] Listening on /dev/initctl Compatibility Named Pipe.[   11.562999] Loading iSCSI transport class v2.0-870.

[[0;32m  OK  [0m] Created slice User and Session Slice.
[[0;32m  OK  [0m] Reached target S[   11.579277] iscsi: registered transport (tcp)
lices.
[[0;32m  OK  [0m] Started Journal Service.
[[0;32m  OK  [0m] Started Remount Root and Kernel File Systems.
[[0;32m  OK  [0m] Started Create list of required sta…vice nodes for the current kernel.
[[0;32m  OK  [0m] Mounted Huge Pages File System.
[[0;32m  OK  [[   11.647982] iscsi: registered transport (iser)
0m] Mounted POSIX Message Queue File System.
[[0;32m  OK  [0m] Started Uncomplicated firewall.
[[0;32m  OK  [0m] Started Load Kernel Modules.
[[0;32m  OK  [0m] Mounted Kernel Debug File System.
[[0;32m  OK  [0m] Started udev Coldplug all Devices.
[[0;32m  OK  [0m] Started LVM2 metadata daemon.
         Mounting Kernel Configuration File System...
         Starting Apply Kernel Variables...
         Mounting FUSE Control File System...
         Starting Create Static Device Nodes in /dev...
         Starting Load/Save Random Seed...
         Starting Flush Journal to Persistent Storage...
[[0;32m  OK  [0m] Started Monitoring of LVM2 mirrors,…sing dmeventd or progress polling.
[[0;32m  OK  [0m] Mounted Kernel Configuration File System.
[[0;32m  OK  [0m] Started Apply Kernel Variables.
[[0;32m  OK  [0m] Mounted FUSE Control File System.
[[0;32m  OK  [0m] Started Create Static Device Nodes in /dev.
[[0;32m  OK  [0m] Started Load/Save Random Seed.
         Starting udev Kernel Device Manager...
[[0;32m  OK  [0m] Started udev Kernel Device Manager.
[[0;32m  OK  [0m] Started Flush Journal to Persistent Storage.
[[0;32m  OK  [0m] Found device /dev/ttyS0.
[[0;32m  OK  [0m] Listening on Load/Save RF Kill Switch Status /dev/rfkill Watch.
[[0;32m  OK  [0m] Started Set the console keyboard layout.
[[0;32m  OK  [0m] Started Dispatch Password Requests to Console Directory Watch.
[[0;32m  OK  [0m] Reached target Local Encrypted Volumes.
[[0;32m  OK  [0m] Reached target Local File Systems (Pre).
[[0;32m  OK  [0m] Reached target Local File Systems.
         Starting AppArmor initialization...
         Starting Create Volatile Files and Directories...
         Starting Set console font and keymap...
         Starting Tell Plymouth To Write Out Runtime Data...
         Starting ebtables ruleset management...
[[0;32m  OK  [0m] Started Set console font and keymap.
[[0;32m  OK  [0m] Started Tell Plymouth To Write Out Runtime Data.
[[0;32m  OK  [0m] Started Create Volatile Files and Directories.
         Starting Update UTMP about System Boot/Shutdown...
[[0;32m  OK  [0m] Started Update UTMP about System Boot/Shutdown.
[[0;32m  OK  [0m] Started ebtables ruleset management.
[[0;32m  OK  [0m] Started AppArmor initialization.
         Starting Initial cloud-init job (pre-networking)...
[   14.907952] cloud-init[699]: Cloud-init v. 19.1-1-gbaa47854-0ubuntu1~18.04.1 running 'init-local' at Fri, 05 Jul 2019 08:00:22 +0000. Up 14.62 seconds.
[[0;32m  OK  [0m] Started Initial cloud-init job (pre-networking).
[[0;32m  OK  [0m] Reached target Network (Pre).
         Starting Network Service...
[[0;32m  OK  [0m] Started Network Service.
         Starting Network Name Resolution...
         Starting Wait for Network to be Configured...
[[0;32m  OK  [0m] Started Network Name Resolution.
[[0;32m  OK  [0m] Reached target Host and Network Name Lookups.
[[0;32m  OK  [0m] Reached target Network.
[[0;32m  OK  [0m] Started Wait for Network to be Configured.
         Starting Initial cloud-init job (metadata service crawler)...
[   17.555712] cloud-init[810]: Cloud-init v. 19.1-1-gbaa47854-0ubuntu1~18.04.1 running 'init' at Fri, 05 Jul 2019 08:00:25 +0000. Up 17.40 seconds.
[   17.584313] cloud-init[810]: ci-info: ++++++++++++++++++++++++++++++++++++++Net device info+++++++++++++++++++++++++++++++++++++++
[   17.597499] cloud-init[810]: ci-info: +--------+------+-----------------------------+---------------+--------+-------------------+
[   17.608431] cloud-init[810]: ci-info: | Device |  Up  |           Address           |      Mask     | Scope  |     Hw-Address    |
[   17.611595] cloud-init[810]: ci-info: +--------+------+-----------------------------+---------------+--------+-------------------+
[   17.624438] cloud-init[810]: ci-info: | enp0s3 | True |          10.0.2.15          | 255.255.255.0 | global | 02:89:59:7e:34:d3 |
[   17.688797] cloud-init[810]: ci-info: | enp0s3 | True |  fe80::89:59ff:fe7e:34d3/64 |       .       |  link  | 02:89:59:7e:34:d3 |
[   17.720901] cloud-init[810]: ci-info: | enp0s8 | True |        192.168.33.10        | 255.255.255.0 | global | 08:00:27:6f:d6:06 |
[   17.728158] cloud-init[810]: ci-info: | enp0s8 | True | fe80::a00:27ff:fe6f:d606/64 |       .       |  link  | 08:00:27:6f:d6:06 |
[   17.748583] cloud-init[810]: ci-info: |   lo   | True |          127.0.0.1          |   255.0.0.0   |  host  |         .         |
[   17.769601] cloud-init[810]: ci-info: |   lo   | True |           ::1/128           |       .       |  host  |         .         |
[   17.778137] cloud-init[810]: ci-info: +--------+------+-----------------------------+---------------+--------+-------------------+
[   17.781672] cloud-init[810]: ci-info: +++++++++++++++++++++++++++++Route IPv4 info+++++++++++++++++++++++++++++
[   17.785331] cloud-init[810]: ci-info: +-------+--------------+----------+-----------------+-----------+-------+
[   17.790287] cloud-init[810]: ci-info: | Route | Destination  | Gateway  |     Genmask     | Interface | Flags |
[   17.793851] cloud-init[810]: ci-info: +-------+--------------+----------+-----------------+-----------+-------+
[   17.797431] cloud-init[810]: ci-info: |   0   |   0.0.0.0    | 10.0.2.2 |     0.0.0.0     |   enp0s3  |   UG  |
[   17.801073] cloud-init[810]: ci-info: |   1   |   10.0.2.0   | 0.0.0.0  |  255.255.255.0  |   enp0s3  |   U   |
[   17.804674] cloud-init[810]: ci-info: |   2   |   10.0.2.2   | 0.0.0.0  | 255.255.255.255 |   enp0s3  |   UH  |
[   17.808285] cloud-init[810]: ci-info: |   3   | 192.168.33.0 | 0.0.0.0  |  255.255.255.0  |   enp0s8  |   U   |
[   17.811850] cloud-init[810]: ci-info: +-------+--------------+----------+-----------------+-----------+-------+
[   17.814842] cloud-init[810]: ci-info: +++++++++++++++++++Route IPv6 info+++++++++++++++++++
[   17.817165] cloud-init[810]: ci-info: +-------+-------------+---------+-----------+-------+
[   17.819372] cloud-init[810]: ci-info: | Route | Destination | Gateway | Interface | Flags |
[   17.821610] cloud-init[810]: ci-info: +-------+-------------+---------+-----------+-------+
[   17.823832] cloud-init[810]: ci-info: |   1   |  fe80::/64  |    ::   |   enp0s8  |   U   |
[   17.826092] cloud-init[810]: ci-info: |   2   |  fe80::/64  |    ::   |   enp0s3  |   U   |
[   17.828516] cloud-init[810]: ci-info: |   4   |    local    |    ::   |   enp0s3  |   U   |
[   17.830715] cloud-init[810]: ci-info: |   5   |    local    |    ::   |   enp0s8  |   U   |
[   17.832962] cloud-init[810]: ci-info: |   6   |   ff00::/8  |    ::   |   enp0s8  |   U   |
[[0;32m  OK  [0m] Started Initial cloud-init job (metadata service crawler).
[   17.901429] [[0;32m  OK  [0m] Reached target Cloud-config availability.
[[0;32m  OK  [0m] Reached target System Initialization.
         Starting Socket activation for snappy daemon.
[[0;32m  OK  [0m] Started Discard unused blocks once a week.
[[0;32m  OK  [0m] Listening on Open-iSCSI iscsid Socket.
[[0;32m  OK  [0m] Started Message of the Day.
cloud-init[810]: ci-info: |   7   |   ff00::/8  |    ::   |   enp0s3  |   U   |
[   17.967389] cloud-init[810]: ci-info: +-------+-------------+---------+-----------+-------+
[[0;32m  OK  [0m] Started ACPI Events Check.
[[0;32m  OK  [0m] Started Daily Cleanup of Temporary Directories.
[[0;32m  OK  [0m] Started Daily apt download activities.
[[0;32m  OK  [0m] Started Daily apt upgrade and clean activities.
[[0;32m  OK  [0m] Reached target Timers.
[[0;32m  OK  [0m] Listening on ACPID Listen Socket.
[[0;32m  OK  [0m] Listening on D-Bus System Message Bus Socket.
         Starting LXD - unix socket.
[[0;32m  OK  [0m] Listening on UUID daemon activation socket.
[[0;32m  OK  [0m] Reached target Paths.
[[0;32m  OK  [0m] Reached target Network is Online.
         Starting Availability of block devices...
[[0;32m  OK  [0m] Reached target Remote File Systems (Pre).
[[0;32m  OK  [0m] Reached target Remote File Systems.
[[0;32m  OK  [0m] Listening on Socket activation for snappy daemon.
[[0;32m  OK  [0m] Listening on LXD - unix socket.
[[0;32m  OK  [0m] Started Availability of block devices.
[[0;32m  OK  [0m] Reached target Sockets.
[[0;32m  OK  [0m] Reached target Basic System.
[[0;32m  OK  [0m] Started FUSE filesystem for LXC.
         Starting Login Service...
[[0;32m  OK  [0m] Started irqbalance daemon.
         Starting Snappy daemon...
         Starting Accounts Service...
         Starting Permit User Sessions...
[[0;32m  OK  [0m] Started Deferred execution scheduler.
         Starting Dispatcher daemon for systemd-networkd...
         Starting OpenBSD Secure Shell server...
[[0;32m  OK  [0m] Started Regular background program processing daemon.
         Starting vboxadd.service...
         Starting System Logging Service...
[[0;32m  OK  [0m] Started D-Bus System Message Bus.
[[0;32m  OK  [0m] Started Login Service.
[[0;32m  OK  [0m] Started Unattended Upgrades Shutdown.
         Starting LSB: Record successful boot for GRUB...
         Starting LSB: automatic crash report generation...
         Starting LXD - container startup/shutdown...
[[0;32m  OK  [0m] Started System Logging Service.
[[0;32m  OK  [0m] Started Permit User Sessions.
         Starting Hold until boot process finishes up...
         Starting Terminate Plymouth Boot Screen...
[[0;32m  OK  [0m] Started OpenBSD Secure Shell server.
[[0;32m  OK  [0m] Started Hold until boot process finishes up.
[[0;32m  OK  [0m] Started Terminate Plymouth Boot Screen.
         Starting Set console scheme...
[[0;32m  OK  [0m] Started Serial Getty on ttyS0.
[[0;32m  OK  [0m] Started Set console scheme.
[[0;32m  OK  [0m] Created slice system-getty.slice.
[[0;32m  OK  [0m] Started Getty on tty1.
[[0;32m  OK  [0m] Reached target Login Prompts.
         Starting Authorization Manager...
[[0;32m  OK  [0m] Started LSB: Record successful boot for GRUB.
[[0;32m  OK  [0m] Started LSB: automatic crash report generation.
[[0;32m  OK  [0m] Started Snappy daemon.
         Starting Wait until snapd is fully seeded...
[[0;32m  OK  [0m] Started Authorization Manager.
[[0;32m  OK  [0m] Started Accounts Service.
[[0;32m  OK  [0m] Started LXD - container startup/shutdown.
[[0;32m  OK  [0m] Started Wait until snapd is fully seeded.
         Starting Apply the settings specified in cloud-config...
[[0;32m  OK  [0m] Started Dispatcher daemon for systemd-networkd.
[[0;32m  OK  [0m] Started vboxadd.service.
         Starting vboxadd-service.service...
[[0;32m  OK  [0m] Started vboxadd-service.service.
[[0;32m  OK  [0m] Reached target Multi-User System.
[[0;32m  OK  [0m] Reached target Graphical Interface.
         Starting Update UTMP about System Runlevel Changes...
[[0;32m  OK  [0m] Started Update UTMP about System Runlevel Changes.
[   20.080995] cloud-init[1187]: Cloud-init v. 19.1-1-gbaa47854-0ubuntu1~18.04.1 running 'modules:config' at Fri, 05 Jul 2019 08:00:27 +0000. Up 19.96 seconds.
[[0;32m  OK  [0m] Started Apply the settings specified in cloud-config.
         Starting Execute cloud user/final scripts...
[   20.705786] cloud-init[1301]: Cloud-init v. 19.1-1-gbaa47854-0ubuntu1~18.04.1 running 'modules:final' at Fri, 05 Jul 2019 08:00:28 +0000. Up 20.57 seconds.
[[0;32m  OK  [0m] Started Execute cloud user/final scripts.
[[0;32m  OK  [0m] Reached target Cloud-init target.
[   20.795834] cloud-init[1301]: Cloud-init v. 19.1-1-gbaa47854-0ubuntu1~18.04.1 finished at Fri, 05 Jul 2019 08:00:28 +0000. Datasource DataSourceNoCloud [seed=/dev/sdb][dsmode=net].  Up 20.69 seconds

Ubuntu 18.04.2 LTS ubuntu-bionic ttyS0

ubuntu-bionic login: 